c:\users\hondo\source\repos\x86emulator-uwp\src\x86native\x64\debug\pch.pch
c:\users\hondo\source\repos\x86emulator-uwp\src\x86native\x64\debug\vc143.pdb
c:\users\hondo\source\repos\x86emulator-uwp\src\x86native\x64\debug\vc143.idb
c:\users\hondo\source\repos\x86emulator-uwp\src\x86native\x64\debug\pch.obj
c:\users\hondo\source\repos\x86emulator-uwp\src\x86native\x64\debug\d3d11interop.obj
c:\users\hondo\source\repos\x86emulator-uwp\src\x86native\x64\debug\bitmapmap.obj
c:\users\hondo\source\repos\x86emulator-uwp\src\x64\debug\x86native\microsoft.graphics.canvas.dll
c:\users\hondo\source\repos\x86emulator-uwp\src\x64\debug\x86native\microsoft.graphics.canvas.winmd
c:\users\hondo\source\repos\x86emulator-uwp\src\x64\debug\x86native\microsoft.graphics.canvas.xml
c:\users\hondo\source\repos\x86emulator-uwp\src\x64\debug\x86native\x86native.dll
c:\users\hondo\source\repos\x86emulator-uwp\src\x64\debug\x86native\x86native.pdb
c:\users\hondo\source\repos\x86emulator-uwp\src\x86native\x64\debug\x86native.vcxproj.assemblyreference.cache
c:\users\hondo\source\repos\x86emulator-uwp\src\x86native\x64\debug\x86native.vcxproj.up2date
c:\users\hondo\source\repos\x86emulator-uwp\src\x86native\x64\debug\priconfig.xml
c:\users\hondo\source\repos\x86emulator-uwp\src\x86native\x64\debug\priconfig.xml.intermediate
c:\users\hondo\source\repos\x86emulator-uwp\src\x86native\x64\debug\unfiltered.layout.resfiles
c:\users\hondo\source\repos\x86emulator-uwp\src\x86native\x64\debug\unfiltered.layout.resfiles.intermediate
c:\users\hondo\source\repos\x86emulator-uwp\src\x86native\x64\debug\filtered.layout.resfiles
c:\users\hondo\source\repos\x86emulator-uwp\src\x86native\x64\debug\filtered.layout.resfiles.intermediate
c:\users\hondo\source\repos\x86emulator-uwp\src\x86native\x64\debug\excluded.layout.resfiles
c:\users\hondo\source\repos\x86emulator-uwp\src\x86native\x64\debug\excluded.layout.resfiles.intermediate
c:\users\hondo\source\repos\x86emulator-uwp\src\x86native\x64\debug\resources.resfiles
c:\users\hondo\source\repos\x86emulator-uwp\src\x86native\x64\debug\resources.resfiles.intermediate
c:\users\hondo\source\repos\x86emulator-uwp\src\x86native\x64\debug\pri.resfiles
c:\users\hondo\source\repos\x86emulator-uwp\src\x86native\x64\debug\pri.resfiles.intermediate
c:\users\hondo\source\repos\x86emulator-uwp\src\x64\debug\x86native\x86emulator.uwp.native.pri
c:\users\hondo\source\repos\x86emulator-uwp\src\x86native\x64\debug\qualifiers.txt
c:\users\hondo\source\repos\x86emulator-uwp\src\x86native\x64\debug\qualifiers.txt.intermediate
c:\users\hondo\source\repos\x86emulator-uwp\src\x86native\x64\debug\multiplequalifiersperdimensionfound.txt
c:\users\hondo\source\repos\x86emulator-uwp\src\x64\debug\x86native\x86native.lib
c:\users\hondo\source\repos\x86emulator-uwp\src\x64\debug\x86native\x86native.exp
c:\users\hondo\source\repos\x86emulator-uwp\src\x86native\x64\debug\x86native.ilk
c:\users\hondo\source\repos\x86emulator-uwp\src\x64\debug\x86native\x86emulator.uwp.native.winmd
c:\users\hondo\source\repos\x86emulator-uwp\src\x86native\x64\debug\x86native.tlog\cl.command.1.tlog
c:\users\hondo\source\repos\x86emulator-uwp\src\x86native\x64\debug\x86native.tlog\cl.items.tlog
c:\users\hondo\source\repos\x86emulator-uwp\src\x86native\x64\debug\x86native.tlog\cl.read.1.tlog
c:\users\hondo\source\repos\x86emulator-uwp\src\x86native\x64\debug\x86native.tlog\cl.write.1.tlog
c:\users\hondo\source\repos\x86emulator-uwp\src\x86native\x64\debug\x86native.tlog\copylocal.read.1u.tlog
c:\users\hondo\source\repos\x86emulator-uwp\src\x86native\x64\debug\x86native.tlog\copylocal.write.1u.tlog
c:\users\hondo\source\repos\x86emulator-uwp\src\x86native\x64\debug\x86native.tlog\link.command.1.tlog
c:\users\hondo\source\repos\x86emulator-uwp\src\x86native\x64\debug\x86native.tlog\link.read.1.tlog
c:\users\hondo\source\repos\x86emulator-uwp\src\x86native\x64\debug\x86native.tlog\link.secondary.1.tlog
c:\users\hondo\source\repos\x86emulator-uwp\src\x86native\x64\debug\x86native.tlog\link.write.1.tlog
c:\users\hondo\source\repos\x86emulator-uwp\src\x86native\x64\debug\x86native.tlog\x86native.read.1u.tlog
c:\users\hondo\source\repos\x86emulator-uwp\src\x86native\x64\debug\x86native.tlog\x86native.write.1u.tlog
